<?xml version="1.0" encoding="utf-8"?><testsuites name="pytest tests"><testsuite name="pytest" errors="0" failures="0" skipped="0" tests="6" time="2.356" timestamp="2026-08-12T12:17:25.926404+00:00" hostname="agent-env-1dc01ef2-0a02-45d9-8a4d-6e365dfb3f69"><testcase classname="tests.test_menu_images" name="test_menu_count" time="0.342" /><testcase classname="tests.test_menu_images" name="test_all_items_have_image" time="0.000" /><testcase classname="tests.test_menu_images" name="test_all_images_reachable" time="1.679" /><testcase classname="tests.test_menu_images" name="test_hot_cold_distinct_images" time="0.000" /><testcase classname="tests.test_menu_images" name="test_previously_duplicated_are_unique" time="0.000" /><testcase classname="tests.test_menu_images" name="test_expected_slug_assignments" time="0.000" /></testsuite></testsuites>